C:\USERS\LENOVO\DESKTOP\基于受欢迎度缓存和随机缓存的代码\CACHING_INTERFERENCE\CACHING_INTERFERENCE\DEBUG\CACHING_INTERFERENCE.EXE.INTERMEDIATE.MANIFEST
C:\Users\lenovo\Desktop\基于受欢迎度缓存和随机缓存的代码\caching_interference\caching_interference\Debug\caching_interference.write.1.tlog
C:\Users\lenovo\Desktop\基于受欢迎度缓存和随机缓存的代码\caching_interference\caching_interference\Debug\cl.command.1.tlog
C:\Users\lenovo\Desktop\基于受欢迎度缓存和随机缓存的代码\caching_interference\caching_interference\Debug\CL.read.1.tlog
C:\Users\lenovo\Desktop\基于受欢迎度缓存和随机缓存的代码\caching_interference\caching_interference\Debug\CL.write.1.tlog
C:\USERS\LENOVO\DESKTOP\基于受欢迎度缓存和随机缓存的代码\CACHING_INTERFERENCE\CACHING_INTERFERENCE\DEBUG\FIX_CACHE.OBJ
C:\USERS\LENOVO\DESKTOP\基于受欢迎度缓存和随机缓存的代码\CACHING_INTERFERENCE\CACHING_INTERFERENCE\DEBUG\FUNCTION.OBJ
C:\Users\lenovo\Desktop\基于受欢迎度缓存和随机缓存的代码\caching_interference\caching_interference\Debug\link.command.1.tlog
C:\Users\lenovo\Desktop\基于受欢迎度缓存和随机缓存的代码\caching_interference\caching_interference\Debug\link.read.1.tlog
C:\Users\lenovo\Desktop\基于受欢迎度缓存和随机缓存的代码\caching_interference\caching_interference\Debug\link.write.1.tlog
C:\USERS\LENOVO\DESKTOP\基于受欢迎度缓存和随机缓存的代码\CACHING_INTERFERENCE\CACHING_INTERFERENCE\DEBUG\MAIN.OBJ
C:\Users\lenovo\Desktop\基于受欢迎度缓存和随机缓存的代码\caching_interference\caching_interference\Debug\mt.command.1.tlog
C:\Users\lenovo\Desktop\基于受欢迎度缓存和随机缓存的代码\caching_interference\caching_interference\Debug\mt.read.1.tlog
C:\Users\lenovo\Desktop\基于受欢迎度缓存和随机缓存的代码\caching_interference\caching_interference\Debug\mt.write.1.tlog
C:\USERS\LENOVO\DESKTOP\基于受欢迎度缓存和随机缓存的代码\CACHING_INTERFERENCE\CACHING_INTERFERENCE\DEBUG\NODE.OBJ
C:\USERS\LENOVO\DESKTOP\基于受欢迎度缓存和随机缓存的代码\CACHING_INTERFERENCE\CACHING_INTERFERENCE\DEBUG\REQUEST.OBJ
C:\Users\lenovo\Desktop\基于受欢迎度缓存和随机缓存的代码\caching_interference\caching_interference\Debug\vc100.idb
C:\USERS\LENOVO\DESKTOP\基于受欢迎度缓存和随机缓存的代码\CACHING_INTERFERENCE\CACHING_INTERFERENCE\DEBUG\VC100.PDB
C:\USERS\LENOVO\DESKTOP\基于受欢迎度缓存和随机缓存的代码\CACHING_INTERFERENCE\DEBUG\CACHING_INTERFERENCE.EXE
C:\USERS\LENOVO\DESKTOP\基于受欢迎度缓存和随机缓存的代码\CACHING_INTERFERENCE\DEBUG\CACHING_INTERFERENCE.EXE.MANIFEST
C:\USERS\LENOVO\DESKTOP\基于受欢迎度缓存和随机缓存的代码\CACHING_INTERFERENCE\DEBUG\CACHING_INTERFERENCE.ILK
C:\USERS\LENOVO\DESKTOP\基于受欢迎度缓存和随机缓存的代码\CACHING_INTERFERENCE\DEBUG\CACHING_INTERFERENCE.PDB
